{"context":"RoutesResolver","level":"info","message":"AppController {/}:","time":"2024-03-06 21:24:46","timestamp":"2024-03-06T13:24:46.962Z"}
{"context":"RouterExplorer","level":"info","message":"Mapped {/, GET} route","time":"2024-03-06 21:24:46","timestamp":"2024-03-06T13:24:46.963Z"}
{"context":"RoutesResolver","level":"info","message":"UserController {/user}:","time":"2024-03-06 21:24:46","timestamp":"2024-03-06T13:24:46.963Z"}
{"context":"RouterExplorer","level":"info","message":"Mapped {/user/login, POST} route","time":"2024-03-06 21:24:46","timestamp":"2024-03-06T13:24:46.964Z"}
{"context":"RouterExplorer","level":"info","message":"Mapped {/user/register, POST} route","time":"2024-03-06 21:24:46","timestamp":"2024-03-06T13:24:46.964Z"}
{"context":"RouterExplorer","level":"info","message":"Mapped {/user/all, GET} route","time":"2024-03-06 21:24:46","timestamp":"2024-03-06T13:24:46.964Z"}
{"context":"NestApplication","level":"info","message":"Nest application successfully started","time":"2024-03-06 21:24:46","timestamp":"2024-03-06T13:24:46.965Z"}
{"context":"RoutesResolver","level":"info","message":"AppController {/}:","time":"2024-03-06 21:25:29","timestamp":"2024-03-06T13:25:29.729Z"}
{"context":"RouterExplorer","level":"info","message":"Mapped {/, GET} route","time":"2024-03-06 21:25:29","timestamp":"2024-03-06T13:25:29.731Z"}
{"context":"RoutesResolver","level":"info","message":"UserController {/user}:","time":"2024-03-06 21:25:29","timestamp":"2024-03-06T13:25:29.731Z"}
{"context":"RouterExplorer","level":"info","message":"Mapped {/user/login, POST} route","time":"2024-03-06 21:25:29","timestamp":"2024-03-06T13:25:29.731Z"}
{"context":"RouterExplorer","level":"info","message":"Mapped {/user/register, POST} route","time":"2024-03-06 21:25:29","timestamp":"2024-03-06T13:25:29.732Z"}
{"context":"RouterExplorer","level":"info","message":"Mapped {/user/all, GET} route","time":"2024-03-06 21:25:29","timestamp":"2024-03-06T13:25:29.732Z"}
{"context":"NestApplication","level":"info","message":"Nest application successfully started","time":"2024-03-06 21:25:29","timestamp":"2024-03-06T13:25:29.733Z"}
{"context":"RoutesResolver","level":"info","message":"AppController {/}:","time":"2024-03-06 21:28:55","timestamp":"2024-03-06T13:28:55.504Z"}
{"context":"RouterExplorer","level":"info","message":"Mapped {/, GET} route","time":"2024-03-06 21:28:55","timestamp":"2024-03-06T13:28:55.506Z"}
{"context":"RoutesResolver","level":"info","message":"UserController {/user}:","time":"2024-03-06 21:28:55","timestamp":"2024-03-06T13:28:55.506Z"}
{"context":"RouterExplorer","level":"info","message":"Mapped {/user/login, POST} route","time":"2024-03-06 21:28:55","timestamp":"2024-03-06T13:28:55.506Z"}
{"context":"RouterExplorer","level":"info","message":"Mapped {/user/register, POST} route","time":"2024-03-06 21:28:55","timestamp":"2024-03-06T13:28:55.507Z"}
{"context":"RouterExplorer","level":"info","message":"Mapped {/user/all, GET} route","time":"2024-03-06 21:28:55","timestamp":"2024-03-06T13:28:55.507Z"}
{"context":"NestApplication","level":"info","message":"Nest application successfully started","time":"2024-03-06 21:28:55","timestamp":"2024-03-06T13:28:55.508Z"}
{"context":"RoutesResolver","level":"info","message":"AppController {/}:","time":"2024-03-06 21:38:02","timestamp":"2024-03-06T13:38:02.437Z"}
{"context":"RouterExplorer","level":"info","message":"Mapped {/, GET} route","time":"2024-03-06 21:38:02","timestamp":"2024-03-06T13:38:02.439Z"}
{"context":"RoutesResolver","level":"info","message":"UserController {/user}:","time":"2024-03-06 21:38:02","timestamp":"2024-03-06T13:38:02.439Z"}
{"context":"RouterExplorer","level":"info","message":"Mapped {/user/login, POST} route","time":"2024-03-06 21:38:02","timestamp":"2024-03-06T13:38:02.439Z"}
{"context":"RouterExplorer","level":"info","message":"Mapped {/user/register, POST} route","time":"2024-03-06 21:38:02","timestamp":"2024-03-06T13:38:02.440Z"}
{"context":"RouterExplorer","level":"info","message":"Mapped {/user/all, GET} route","time":"2024-03-06 21:38:02","timestamp":"2024-03-06T13:38:02.440Z"}
{"context":"NestApplication","level":"info","message":"Nest application successfully started","time":"2024-03-06 21:38:02","timestamp":"2024-03-06T13:38:02.442Z"}
{"context":"RoutesResolver","level":"info","message":"AppController {/}:","time":"2024-03-06 21:50:12","timestamp":"2024-03-06T13:50:12.560Z"}
{"context":"RouterExplorer","level":"info","message":"Mapped {/, GET} route","time":"2024-03-06 21:50:12","timestamp":"2024-03-06T13:50:12.562Z"}
{"context":"RoutesResolver","level":"info","message":"UserController {/user}:","time":"2024-03-06 21:50:12","timestamp":"2024-03-06T13:50:12.562Z"}
{"context":"RouterExplorer","level":"info","message":"Mapped {/user/login, POST} route","time":"2024-03-06 21:50:12","timestamp":"2024-03-06T13:50:12.562Z"}
{"context":"RouterExplorer","level":"info","message":"Mapped {/user/register, POST} route","time":"2024-03-06 21:50:12","timestamp":"2024-03-06T13:50:12.563Z"}
{"context":"RouterExplorer","level":"info","message":"Mapped {/user/all, GET} route","time":"2024-03-06 21:50:12","timestamp":"2024-03-06T13:50:12.563Z"}
{"context":"NestApplication","level":"info","message":"Nest application successfully started","time":"2024-03-06 21:50:12","timestamp":"2024-03-06T13:50:12.564Z"}
{"context":"RoutesResolver","level":"info","message":"AppController {/}:","time":"2024-03-06 22:03:03","timestamp":"2024-03-06T14:03:03.326Z"}
{"context":"RouterExplorer","level":"info","message":"Mapped {/, GET} route","time":"2024-03-06 22:03:03","timestamp":"2024-03-06T14:03:03.328Z"}
{"context":"RoutesResolver","level":"info","message":"UserController {/user}:","time":"2024-03-06 22:03:03","timestamp":"2024-03-06T14:03:03.328Z"}
{"context":"RouterExplorer","level":"info","message":"Mapped {/user/login, POST} route","time":"2024-03-06 22:03:03","timestamp":"2024-03-06T14:03:03.328Z"}
{"context":"RouterExplorer","level":"info","message":"Mapped {/user/register, POST} route","time":"2024-03-06 22:03:03","timestamp":"2024-03-06T14:03:03.329Z"}
{"context":"RouterExplorer","level":"info","message":"Mapped {/user/all, GET} route","time":"2024-03-06 22:03:03","timestamp":"2024-03-06T14:03:03.329Z"}
{"context":"NestApplication","level":"info","message":"Nest application successfully started","time":"2024-03-06 22:03:03","timestamp":"2024-03-06T14:03:03.330Z"}
{"context":"RoutesResolver","level":"info","message":"AppController {/}:","time":"2024-03-06 22:12:03","timestamp":"2024-03-06T14:12:03.319Z"}
{"context":"RouterExplorer","level":"info","message":"Mapped {/, GET} route","time":"2024-03-06 22:12:03","timestamp":"2024-03-06T14:12:03.324Z"}
{"context":"RoutesResolver","level":"info","message":"UserController {/user}:","time":"2024-03-06 22:12:03","timestamp":"2024-03-06T14:12:03.324Z"}
{"context":"RouterExplorer","level":"info","message":"Mapped {/user/login, POST} route","time":"2024-03-06 22:12:03","timestamp":"2024-03-06T14:12:03.325Z"}
{"context":"RouterExplorer","level":"info","message":"Mapped {/user/register, POST} route","time":"2024-03-06 22:12:03","timestamp":"2024-03-06T14:12:03.325Z"}
{"context":"RouterExplorer","level":"info","message":"Mapped {/user/all, GET} route","time":"2024-03-06 22:12:03","timestamp":"2024-03-06T14:12:03.325Z"}
{"context":"NestApplication","level":"info","message":"Nest application successfully started","time":"2024-03-06 22:12:03","timestamp":"2024-03-06T14:12:03.328Z"}
{"context":"RoutesResolver","level":"info","message":"AppController {/}:","time":"2024-03-06 22:12:54","timestamp":"2024-03-06T14:12:54.621Z"}
{"context":"RouterExplorer","level":"info","message":"Mapped {/, GET} route","time":"2024-03-06 22:12:54","timestamp":"2024-03-06T14:12:54.628Z"}
{"context":"RoutesResolver","level":"info","message":"UserController {/user}:","time":"2024-03-06 22:12:54","timestamp":"2024-03-06T14:12:54.628Z"}
{"context":"RouterExplorer","level":"info","message":"Mapped {/user/login, POST} route","time":"2024-03-06 22:12:54","timestamp":"2024-03-06T14:12:54.628Z"}
{"context":"RouterExplorer","level":"info","message":"Mapped {/user/register, POST} route","time":"2024-03-06 22:12:54","timestamp":"2024-03-06T14:12:54.629Z"}
{"context":"RouterExplorer","level":"info","message":"Mapped {/user/all, GET} route","time":"2024-03-06 22:12:54","timestamp":"2024-03-06T14:12:54.629Z"}
{"context":"NestApplication","level":"info","message":"Nest application successfully started","time":"2024-03-06 22:12:54","timestamp":"2024-03-06T14:12:54.630Z"}
{"context":"RoutesResolver","level":"info","message":"AppController {/}:","time":"2024-03-06 22:58:24","timestamp":"2024-03-06T14:58:24.030Z"}
{"context":"RouterExplorer","level":"info","message":"Mapped {/, GET} route","time":"2024-03-06 22:58:24","timestamp":"2024-03-06T14:58:24.032Z"}
{"context":"RoutesResolver","level":"info","message":"UserController {/user}:","time":"2024-03-06 22:58:24","timestamp":"2024-03-06T14:58:24.032Z"}
{"context":"RouterExplorer","level":"info","message":"Mapped {/user/login, POST} route","time":"2024-03-06 22:58:24","timestamp":"2024-03-06T14:58:24.033Z"}
{"context":"RouterExplorer","level":"info","message":"Mapped {/user/register, POST} route","time":"2024-03-06 22:58:24","timestamp":"2024-03-06T14:58:24.033Z"}
{"context":"RouterExplorer","level":"info","message":"Mapped {/user/all, GET} route","time":"2024-03-06 22:58:24","timestamp":"2024-03-06T14:58:24.033Z"}
{"context":"NestApplication","level":"info","message":"Nest application successfully started","time":"2024-03-06 22:58:24","timestamp":"2024-03-06T14:58:24.034Z"}
{"context":"RoutesResolver","level":"info","message":"AppController {/}:","time":"2024-03-06 22:58:53","timestamp":"2024-03-06T14:58:53.262Z"}
{"context":"RouterExplorer","level":"info","message":"Mapped {/, GET} route","time":"2024-03-06 22:58:53","timestamp":"2024-03-06T14:58:53.263Z"}
{"context":"RoutesResolver","level":"info","message":"UserController {/user}:","time":"2024-03-06 22:58:53","timestamp":"2024-03-06T14:58:53.263Z"}
{"context":"RouterExplorer","level":"info","message":"Mapped {/user/login, POST} route","time":"2024-03-06 22:58:53","timestamp":"2024-03-06T14:58:53.264Z"}
{"context":"RouterExplorer","level":"info","message":"Mapped {/user/register, POST} route","time":"2024-03-06 22:58:53","timestamp":"2024-03-06T14:58:53.264Z"}
{"context":"RouterExplorer","level":"info","message":"Mapped {/user/all, GET} route","time":"2024-03-06 22:58:53","timestamp":"2024-03-06T14:58:53.264Z"}
{"context":"NestApplication","level":"info","message":"Nest application successfully started","time":"2024-03-06 22:58:53","timestamp":"2024-03-06T14:58:53.266Z"}
{"context":"RoutesResolver","level":"info","message":"AppController {/}:","time":"2024-03-06 23:07:13","timestamp":"2024-03-06T15:07:13.728Z"}
{"context":"RouterExplorer","level":"info","message":"Mapped {/, GET} route","time":"2024-03-06 23:07:13","timestamp":"2024-03-06T15:07:13.732Z"}
{"context":"RoutesResolver","level":"info","message":"UserController {/user}:","time":"2024-03-06 23:07:13","timestamp":"2024-03-06T15:07:13.733Z"}
{"context":"RouterExplorer","level":"info","message":"Mapped {/user/login, POST} route","time":"2024-03-06 23:07:13","timestamp":"2024-03-06T15:07:13.734Z"}
{"context":"RouterExplorer","level":"info","message":"Mapped {/user/register, POST} route","time":"2024-03-06 23:07:13","timestamp":"2024-03-06T15:07:13.735Z"}
{"context":"RouterExplorer","level":"info","message":"Mapped {/user/all, GET} route","time":"2024-03-06 23:07:13","timestamp":"2024-03-06T15:07:13.736Z"}
{"context":"NestApplication","level":"info","message":"Nest application successfully started","time":"2024-03-06 23:07:13","timestamp":"2024-03-06T15:07:13.737Z"}
{"context":"RoutesResolver","level":"info","message":"AppController {/}:","time":"2024-03-06 23:20:17","timestamp":"2024-03-06T15:20:17.663Z"}
{"context":"RouterExplorer","level":"info","message":"Mapped {/, GET} route","time":"2024-03-06 23:20:17","timestamp":"2024-03-06T15:20:17.666Z"}
{"context":"RoutesResolver","level":"info","message":"UserController {/user}:","time":"2024-03-06 23:20:17","timestamp":"2024-03-06T15:20:17.666Z"}
{"context":"RouterExplorer","level":"info","message":"Mapped {/user/login, POST} route","time":"2024-03-06 23:20:17","timestamp":"2024-03-06T15:20:17.667Z"}
{"context":"RouterExplorer","level":"info","message":"Mapped {/user/register, POST} route","time":"2024-03-06 23:20:17","timestamp":"2024-03-06T15:20:17.667Z"}
{"context":"RouterExplorer","level":"info","message":"Mapped {/user/all, GET} route","time":"2024-03-06 23:20:17","timestamp":"2024-03-06T15:20:17.668Z"}
{"context":"NestApplication","level":"info","message":"Nest application successfully started","time":"2024-03-06 23:20:17","timestamp":"2024-03-06T15:20:17.670Z"}
